This is pdfTeX, Version 3.141592653-2.6-1.40.23 (TeX Live 2021/Arch Linux) (preloaded format=pdflatex 2022.3.21)  26 MAR 2022 11:55
entering extended mode
 restricted \write18 enabled.
 %&-line parsing enabled.
**hotelcalifornia.tex
(./hotelcalifornia.tex
LaTeX2e <2021-11-15> patch level 1
L3 programming layer <2022-02-24>
(/usr/share/texmf-dist/tex/latex/guitartabs/guitartabs.cls
Document Class: guitartabs 2018/05/01 CTU FIT BI-TEX Guitar Tabs
(/usr/share/texmf-dist/tex/latex/base/article.cls
Document Class: article 2021/10/04 v1.4n Standard LaTeX document class
(/usr/share/texmf-dist/tex/latex/base/size10.clo
File: size10.clo 2021/10/04 v1.4n Standard LaTeX file (size option)
)
\c@part=\count185
\c@section=\count186
\c@subsection=\count187
\c@subsubsection=\count188
\c@paragraph=\count189
\c@subparagraph=\count190
\c@figure=\count191
\c@table=\count192
\abovecaptionskip=\skip47
\belowcaptionskip=\skip48
\bibindent=\dimen138
)
(/usr/share/texmf-dist/tex/latex/base/inputenc.sty
Package: inputenc 2021/02/14 v1.3d Input encoding file
\inpenc@prehook=\toks16
\inpenc@posthook=\toks17
)
(/usr/share/texmf-dist/tex/latex/geometry/geometry.sty
Package: geometry 2020/01/02 v5.9 Page Geometry

(/usr/share/texmf-dist/tex/latex/graphics/keyval.sty
Package: keyval 2014/10/28 v1.15 key=value parser (DPC)
\KV@toks@=\toks18
)
(/usr/share/texmf-dist/tex/generic/iftex/ifvtex.sty
Package: ifvtex 2019/10/25 v1.7 ifvtex legacy package. Use iftex instead.

(/usr/share/texmf-dist/tex/generic/iftex/iftex.sty
Package: iftex 2022/02/03 v1.0f TeX engine tests
))
\Gm@cnth=\count193
\Gm@cntv=\count194
\c@Gm@tempcnt=\count195
\Gm@bindingoffset=\dimen139
\Gm@wd@mp=\dimen140
\Gm@odd@mp=\dimen141
\Gm@even@mp=\dimen142
\Gm@layoutwidth=\dimen143
\Gm@layoutheight=\dimen144
\Gm@layouthoffset=\dimen145
\Gm@layoutvoffset=\dimen146
\Gm@dimlist=\toks19
)
(/usr/share/texmf-dist/tex/latex/xifthen/xifthen.sty
Package: xifthen 2015/11/05 v1.4.0 Extended ifthen features

(/usr/share/texmf-dist/tex/latex/tools/calc.sty
Package: calc 2017/05/25 v4.3 Infix arithmetic (KKT,FJ)
\calc@Acount=\count196
\calc@Bcount=\count197
\calc@Adimen=\dimen147
\calc@Bdimen=\dimen148
\calc@Askip=\skip49
\calc@Bskip=\skip50
LaTeX Info: Redefining \setlength on input line 80.
LaTeX Info: Redefining \addtolength on input line 81.
\calc@Ccount=\count198
\calc@Cskip=\skip51
)
(/usr/share/texmf-dist/tex/latex/base/ifthen.sty
Package: ifthen 2020/11/24 v1.1c Standard LaTeX ifthen package (DPC)
)
(/usr/share/texmf-dist/tex/latex/ifmtarg/ifmtarg.sty
Package: ifmtarg 2018/04/16 v1.2b check for an empty argument
))
(/usr/share/texmf-dist/tex/latex/pgf/frontendlayer/tikz.sty
(/usr/share/texmf-dist/tex/latex/pgf/basiclayer/pgf.sty
(/usr/share/texmf-dist/tex/latex/pgf/utilities/pgfrcs.sty
(/usr/share/texmf-dist/tex/generic/pgf/utilities/pgfutil-common.tex
\pgfutil@everybye=\toks20
\pgfutil@tempdima=\dimen149
\pgfutil@tempdimb=\dimen150

(/usr/share/texmf-dist/tex/generic/pgf/utilities/pgfutil-common-lists.tex))
(/usr/share/texmf-dist/tex/generic/pgf/utilities/pgfutil-latex.def
\pgfutil@abb=\box50
)
(/usr/share/texmf-dist/tex/generic/pgf/utilities/pgfrcs.code.tex
(/usr/share/texmf-dist/tex/generic/pgf/pgf.revision.tex)
Package: pgfrcs 2021/05/15 v3.1.9a (3.1.9a)
))
Package: pgf 2021/05/15 v3.1.9a (3.1.9a)

(/usr/share/texmf-dist/tex/latex/pgf/basiclayer/pgfcore.sty
(/usr/share/texmf-dist/tex/latex/graphics/graphicx.sty
Package: graphicx 2021/09/16 v1.2d Enhanced LaTeX Graphics (DPC,SPQR)

(/usr/share/texmf-dist/tex/latex/graphics/graphics.sty
Package: graphics 2021/03/04 v1.4d Standard LaTeX Graphics (DPC,SPQR)

(/usr/share/texmf-dist/tex/latex/graphics/trig.sty
Package: trig 2021/08/11 v1.11 sin cos tan (DPC)
)
(/usr/share/texmf-dist/tex/latex/graphics-cfg/graphics.cfg
File: graphics.cfg 2016/06/04 v1.11 sample graphics configuration
)
Package graphics Info: Driver file: pdftex.def on input line 107.

(/usr/share/texmf-dist/tex/latex/graphics-def/pdftex.def
File: pdftex.def 2020/10/05 v1.2a Graphics/color driver for pdftex
))
\Gin@req@height=\dimen151
\Gin@req@width=\dimen152
)
(/usr/share/texmf-dist/tex/latex/pgf/systemlayer/pgfsys.sty
(/usr/share/texmf-dist/tex/generic/pgf/systemlayer/pgfsys.code.tex
Package: pgfsys 2021/05/15 v3.1.9a (3.1.9a)

(/usr/share/texmf-dist/tex/generic/pgf/utilities/pgfkeys.code.tex
\pgfkeys@pathtoks=\toks21
\pgfkeys@temptoks=\toks22

(/usr/share/texmf-dist/tex/generic/pgf/utilities/pgfkeysfiltered.code.tex
\pgfkeys@tmptoks=\toks23
))
\pgf@x=\dimen153
\pgf@y=\dimen154
\pgf@xa=\dimen155
\pgf@ya=\dimen156
\pgf@xb=\dimen157
\pgf@yb=\dimen158
\pgf@xc=\dimen159
\pgf@yc=\dimen160
\pgf@xd=\dimen161
\pgf@yd=\dimen162
\w@pgf@writea=\write3
\r@pgf@reada=\read2
\c@pgf@counta=\count199
\c@pgf@countb=\count266
\c@pgf@countc=\count267
\c@pgf@countd=\count268
\t@pgf@toka=\toks24
\t@pgf@tokb=\toks25
\t@pgf@tokc=\toks26
\pgf@sys@id@count=\count269

(/usr/share/texmf-dist/tex/generic/pgf/systemlayer/pgf.cfg
File: pgf.cfg 2021/05/15 v3.1.9a (3.1.9a)
)
Driver file for pgf: pgfsys-pdftex.def

(/usr/share/texmf-dist/tex/generic/pgf/systemlayer/pgfsys-pdftex.def
File: pgfsys-pdftex.def 2021/05/15 v3.1.9a (3.1.9a)

(/usr/share/texmf-dist/tex/generic/pgf/systemlayer/pgfsys-common-pdf.def
File: pgfsys-common-pdf.def 2021/05/15 v3.1.9a (3.1.9a)
)))
(/usr/share/texmf-dist/tex/generic/pgf/systemlayer/pgfsyssoftpath.code.tex
File: pgfsyssoftpath.code.tex 2021/05/15 v3.1.9a (3.1.9a)
\pgfsyssoftpath@smallbuffer@items=\count270
\pgfsyssoftpath@bigbuffer@items=\count271
)
(/usr/share/texmf-dist/tex/generic/pgf/systemlayer/pgfsysprotocol.code.tex
File: pgfsysprotocol.code.tex 2021/05/15 v3.1.9a (3.1.9a)
))
(/usr/share/texmf-dist/tex/latex/xcolor/xcolor.sty
Package: xcolor 2021/10/31 v2.13 LaTeX color extensions (UK)

(/usr/share/texmf-dist/tex/latex/graphics-cfg/color.cfg
File: color.cfg 2016/01/02 v1.6 sample color configuration
)
Package xcolor Info: Driver file: pdftex.def on input line 227.
Package xcolor Info: Model `cmy' substituted by `cmy0' on input line 1352.
Package xcolor Info: Model `hsb' substituted by `rgb' on input line 1356.
Package xcolor Info: Model `RGB' extended on input line 1368.
Package xcolor Info: Model `HTML' substituted by `rgb' on input line 1370.
Package xcolor Info: Model `Hsb' substituted by `hsb' on input line 1371.
Package xcolor Info: Model `tHsb' substituted by `hsb' on input line 1372.
Package xcolor Info: Model `HSB' substituted by `hsb' on input line 1373.
Package xcolor Info: Model `Gray' substituted by `gray' on input line 1374.
Package xcolor Info: Model `wave' substituted by `hsb' on input line 1375.
)
(/usr/share/texmf-dist/tex/generic/pgf/basiclayer/pgfcore.code.tex
Package: pgfcore 2021/05/15 v3.1.9a (3.1.9a)

(/usr/share/texmf-dist/tex/generic/pgf/math/pgfmath.code.tex
(/usr/share/texmf-dist/tex/generic/pgf/math/pgfmathcalc.code.tex
(/usr/share/texmf-dist/tex/generic/pgf/math/pgfmathutil.code.tex)
(/usr/share/texmf-dist/tex/generic/pgf/math/pgfmathparser.code.tex
\pgfmath@dimen=\dimen163
\pgfmath@count=\count272
\pgfmath@box=\box51
\pgfmath@toks=\toks27
\pgfmath@stack@operand=\toks28
\pgfmath@stack@operation=\toks29
)
(/usr/share/texmf-dist/tex/generic/pgf/math/pgfmathfunctions.code.tex
(/usr/share/texmf-dist/tex/generic/pgf/math/pgfmathfunctions.basic.code.tex)
(/usr/share/texmf-dist/tex/generic/pgf/math/pgfmathfunctions.trigonometric.code
.tex)
(/usr/share/texmf-dist/tex/generic/pgf/math/pgfmathfunctions.random.code.tex)
(/usr/share/texmf-dist/tex/generic/pgf/math/pgfmathfunctions.comparison.code.te
x) (/usr/share/texmf-dist/tex/generic/pgf/math/pgfmathfunctions.base.code.tex)
(/usr/share/texmf-dist/tex/generic/pgf/math/pgfmathfunctions.round.code.tex)
(/usr/share/texmf-dist/tex/generic/pgf/math/pgfmathfunctions.misc.code.tex)
(/usr/share/texmf-dist/tex/generic/pgf/math/pgfmathfunctions.integerarithmetics
.code.tex))) (/usr/share/texmf-dist/tex/generic/pgf/math/pgfmathfloat.code.tex
\c@pgfmathroundto@lastzeros=\count273
)) (/usr/share/texmf-dist/tex/generic/pgf/math/pgfint.code.tex)
(/usr/share/texmf-dist/tex/generic/pgf/basiclayer/pgfcorepoints.code.tex
File: pgfcorepoints.code.tex 2021/05/15 v3.1.9a (3.1.9a)
\pgf@picminx=\dimen164
\pgf@picmaxx=\dimen165
\pgf@picminy=\dimen166
\pgf@picmaxy=\dimen167
\pgf@pathminx=\dimen168
\pgf@pathmaxx=\dimen169
\pgf@pathminy=\dimen170
\pgf@pathmaxy=\dimen171
\pgf@xx=\dimen172
\pgf@xy=\dimen173
\pgf@yx=\dimen174
\pgf@yy=\dimen175
\pgf@zx=\dimen176
\pgf@zy=\dimen177
)
(/usr/share/texmf-dist/tex/generic/pgf/basiclayer/pgfcorepathconstruct.code.tex
File: pgfcorepathconstruct.code.tex 2021/05/15 v3.1.9a (3.1.9a)
\pgf@path@lastx=\dimen178
\pgf@path@lasty=\dimen179
) (/usr/share/texmf-dist/tex/generic/pgf/basiclayer/pgfcorepathusage.code.tex
File: pgfcorepathusage.code.tex 2021/05/15 v3.1.9a (3.1.9a)
\pgf@shorten@end@additional=\dimen180
\pgf@shorten@start@additional=\dimen181
)
(/usr/share/texmf-dist/tex/generic/pgf/basiclayer/pgfcorescopes.code.tex
File: pgfcorescopes.code.tex 2021/05/15 v3.1.9a (3.1.9a)
\pgfpic=\box52
\pgf@hbox=\box53
\pgf@layerbox@main=\box54
\pgf@picture@serial@count=\count274
)
(/usr/share/texmf-dist/tex/generic/pgf/basiclayer/pgfcoregraphicstate.code.tex
File: pgfcoregraphicstate.code.tex 2021/05/15 v3.1.9a (3.1.9a)
\pgflinewidth=\dimen182
)
(/usr/share/texmf-dist/tex/generic/pgf/basiclayer/pgfcoretransformations.code.t
ex
File: pgfcoretransformations.code.tex 2021/05/15 v3.1.9a (3.1.9a)
\pgf@pt@x=\dimen183
\pgf@pt@y=\dimen184
\pgf@pt@temp=\dimen185
) (/usr/share/texmf-dist/tex/generic/pgf/basiclayer/pgfcorequick.code.tex
File: pgfcorequick.code.tex 2021/05/15 v3.1.9a (3.1.9a)
)
(/usr/share/texmf-dist/tex/generic/pgf/basiclayer/pgfcoreobjects.code.tex
File: pgfcoreobjects.code.tex 2021/05/15 v3.1.9a (3.1.9a)
)
(/usr/share/texmf-dist/tex/generic/pgf/basiclayer/pgfcorepathprocessing.code.te
x
File: pgfcorepathprocessing.code.tex 2021/05/15 v3.1.9a (3.1.9a)
) (/usr/share/texmf-dist/tex/generic/pgf/basiclayer/pgfcorearrows.code.tex
File: pgfcorearrows.code.tex 2021/05/15 v3.1.9a (3.1.9a)
\pgfarrowsep=\dimen186
)
(/usr/share/texmf-dist/tex/generic/pgf/basiclayer/pgfcoreshade.code.tex
File: pgfcoreshade.code.tex 2021/05/15 v3.1.9a (3.1.9a)
\pgf@max=\dimen187
\pgf@sys@shading@range@num=\count275
\pgf@shadingcount=\count276
)
(/usr/share/texmf-dist/tex/generic/pgf/basiclayer/pgfcoreimage.code.tex
File: pgfcoreimage.code.tex 2021/05/15 v3.1.9a (3.1.9a)

(/usr/share/texmf-dist/tex/generic/pgf/basiclayer/pgfcoreexternal.code.tex
File: pgfcoreexternal.code.tex 2021/05/15 v3.1.9a (3.1.9a)
\pgfexternal@startupbox=\box55
))
(/usr/share/texmf-dist/tex/generic/pgf/basiclayer/pgfcorelayers.code.tex
File: pgfcorelayers.code.tex 2021/05/15 v3.1.9a (3.1.9a)
)
(/usr/share/texmf-dist/tex/generic/pgf/basiclayer/pgfcoretransparency.code.tex
File: pgfcoretransparency.code.tex 2021/05/15 v3.1.9a (3.1.9a)
) (/usr/share/texmf-dist/tex/generic/pgf/basiclayer/pgfcorepatterns.code.tex
File: pgfcorepatterns.code.tex 2021/05/15 v3.1.9a (3.1.9a)
)
(/usr/share/texmf-dist/tex/generic/pgf/basiclayer/pgfcorerdf.code.tex
File: pgfcorerdf.code.tex 2021/05/15 v3.1.9a (3.1.9a)
)))
(/usr/share/texmf-dist/tex/generic/pgf/modules/pgfmoduleshapes.code.tex
File: pgfmoduleshapes.code.tex 2021/05/15 v3.1.9a (3.1.9a)
\pgfnodeparttextbox=\box56
)
(/usr/share/texmf-dist/tex/generic/pgf/modules/pgfmoduleplot.code.tex
File: pgfmoduleplot.code.tex 2021/05/15 v3.1.9a (3.1.9a)
)
(/usr/share/texmf-dist/tex/latex/pgf/compatibility/pgfcomp-version-0-65.sty
Package: pgfcomp-version-0-65 2021/05/15 v3.1.9a (3.1.9a)
\pgf@nodesepstart=\dimen188
\pgf@nodesepend=\dimen189
)
(/usr/share/texmf-dist/tex/latex/pgf/compatibility/pgfcomp-version-1-18.sty
Package: pgfcomp-version-1-18 2021/05/15 v3.1.9a (3.1.9a)
))
(/usr/share/texmf-dist/tex/latex/pgf/utilities/pgffor.sty
(/usr/share/texmf-dist/tex/latex/pgf/utilities/pgfkeys.sty
(/usr/share/texmf-dist/tex/generic/pgf/utilities/pgfkeys.code.tex))
(/usr/share/texmf-dist/tex/latex/pgf/math/pgfmath.sty
(/usr/share/texmf-dist/tex/generic/pgf/math/pgfmath.code.tex))
(/usr/share/texmf-dist/tex/generic/pgf/utilities/pgffor.code.tex
Package: pgffor 2021/05/15 v3.1.9a (3.1.9a)

(/usr/share/texmf-dist/tex/generic/pgf/math/pgfmath.code.tex)
\pgffor@iter=\dimen190
\pgffor@skip=\dimen191
\pgffor@stack=\toks30
\pgffor@toks=\toks31
))
(/usr/share/texmf-dist/tex/generic/pgf/frontendlayer/tikz/tikz.code.tex
Package: tikz 2021/05/15 v3.1.9a (3.1.9a)

(/usr/share/texmf-dist/tex/generic/pgf/libraries/pgflibraryplothandlers.code.te
x
File: pgflibraryplothandlers.code.tex 2021/05/15 v3.1.9a (3.1.9a)
\pgf@plot@mark@count=\count277
\pgfplotmarksize=\dimen192
)
\tikz@lastx=\dimen193
\tikz@lasty=\dimen194
\tikz@lastxsaved=\dimen195
\tikz@lastysaved=\dimen196
\tikz@lastmovetox=\dimen197
\tikz@lastmovetoy=\dimen198
\tikzleveldistance=\dimen199
\tikzsiblingdistance=\dimen256
\tikz@figbox=\box57
\tikz@figbox@bg=\box58
\tikz@tempbox=\box59
\tikz@tempbox@bg=\box60
\tikztreelevel=\count278
\tikznumberofchildren=\count279
\tikznumberofcurrentchild=\count280
\tikz@fig@count=\count281
 (/usr/share/texmf-dist/tex/generic/pgf/modules/pgfmodulematrix.code.tex
File: pgfmodulematrix.code.tex 2021/05/15 v3.1.9a (3.1.9a)
\pgfmatrixcurrentrow=\count282
\pgfmatrixcurrentcolumn=\count283
\pgf@matrix@numberofcolumns=\count284
)
\tikz@expandcount=\count285

(/usr/share/texmf-dist/tex/generic/pgf/frontendlayer/tikz/libraries/tikzlibrary
topaths.code.tex
File: tikzlibrarytopaths.code.tex 2021/05/15 v3.1.9a (3.1.9a)
))) (/usr/share/texmf-dist/tex/latex/musixtex/musixtex.sty
(/usr/share/texmf-dist/tex/generic/musixtex/musixtex.tex
MusiXTeX(c) 1.34 <2021-07-24>
\n@i=\count286
\n@ii=\count287
\n@iii=\count288
\n@iv=\count289
\n@v=\count290
\n@vi=\count291
\n@vii=\count292
\n@viii=\count293
\count@=\count294
\toks@box=\box61
\w@rkbox=\box62
\n@otebox=\box63
\y@=\dimen257
\y@i=\dimen258
\y@ii=\dimen259
\y@iii=\dimen260
\y@iv=\dimen261
\y@v=\dimen262
\group@no=\count295
\interinstrument=\dimen263
\N@s=\count296
\s@Y=\dimen264
\lin@pos=\dimen265
\meet@minus@n@iv=\count297
\interbeam=\dimen266
\b@amthick=\dimen267
\Interligne=\dimen268
\Internote=\dimen269
\ch@box=\box64
\musicsize=\count298
\qd@skip=\dimen270
\qn@width=\dimen271
\wn@width=\dimen272
\txt@ff=\skip52
\s@indent=\skip53
\big@spc=\skip54
\lthick=\dimen273
\afterruleskip=\skip55
\staffbotmarg=\dimen274
\stafftopmarg=\dimen275
\line@width=\dimen276
\interportee=\dimen277
\noport@@=\count299
\noinstrum@nt=\count300
\altportee=\dimen278
\systemheight=\dimen279
\altplancher=\dimen280
\instrum@in@group=\skip56
\boxitsep=\skip57
\barsinpi@c@=\count301
\barno=\count302
\startbarno=\count303
\sign@skip=\dimen281
\maxsign@skip=\dimen282
\x@skip=\dimen283
\n@skip=\dimen284
\beforeruleskip=\skip58
\widthtyp@=\count304
\lastbarno=\count305
\cut@v=\skip59
\init@volta@pos=\skip60
\volta@startcor=\skip61
\volta@endcor=\skip62
\writ@volta@box=\box65
\barsinlin@=\count306
\maxbarsinlin@=\count307
\lastbarpos=\skip63
\ut@ref=\count308
\meterskip=\skip64
\t@c=\toks32
\clef@skip=\skip65
\noteskip=\dimen285
\transpose=\count309
\normaltranspose=\count310
\locx@skip=\dimen286
\elemskip=\dimen287
\@l@mskip=\dimen288
\inh@alt=\count311
\st@bot=\dimen289
\st@top=\dimen290
\stem@skip=\dimen291
\s@lope=\dimen292
\y@vi=\dimen293
\lift@rest=\dimen294
\accshift=\skip66
\@icresc=\skip67
\pdl@pos=\dimen295
\bigwedgebox=\box66
\@itrillei=\skip68
\@itrilleii=\skip69
\@itrilleiii=\skip70
\@itrilleiv=\skip71
\@itrillev=\skip72
\@itrillevi=\skip73
\tr@number=\count312
\tr@nspose=\count313
\o@swz=\toks33
\o@number=\count314
\y@vii=\dimen296
\y@viii=\dimen297
\y@ix=\dimen298
\tuptxtb@x=\box67
\notes@open=\count315
\k@ii=\skip74
\i@ni=\dimen299
\b@xi=\dimen300
\b@zi=\dimen301
\c@xi=\dimen302
\c@zi=\skip75
\d@xi=\dimen303
\d@zi=\skip76
\e@xi=\dimen304
\e@zi=\skip77
\b@pi=\count316
\b@ni=\count317
\n@pi=\count318
\a@si=\count319
\o@si=\count320
\a@ci=\toks34
\o@ci=\toks35
\m@ti=\toks36
\k@iii=\skip78
\i@nii=\dimen305
\b@xii=\dimen306
\b@zii=\dimen307
\c@xii=\dimen308
\c@zii=\skip79
\d@xii=\dimen309
\d@zii=\skip80
\e@xii=\dimen310
\e@zii=\skip81
\b@pii=\count321
\b@nii=\count322
\n@pii=\count323
\a@sii=\count324
\o@sii=\count325
\a@cii=\toks37
\o@cii=\toks38
\m@tii=\toks39
\k@iiii=\skip82
\i@niii=\dimen311
\b@xiii=\dimen312
\b@ziii=\dimen313
\c@xiii=\dimen314
\c@ziii=\skip83
\d@xiii=\dimen315
\d@ziii=\skip84
\e@xiii=\dimen316
\e@ziii=\skip85
\b@piii=\count326
\b@niii=\count327
\n@piii=\count328
\a@siii=\count329
\o@siii=\count330
\a@ciii=\toks40
\o@ciii=\toks41
\m@tiii=\toks42
\k@iiv=\skip86
\i@niv=\dimen317
\b@xiv=\dimen318
\b@ziv=\dimen319
\c@xiv=\dimen320
\c@ziv=\skip87
\d@xiv=\dimen321
\d@ziv=\skip88
\e@xiv=\dimen322
\e@ziv=\skip89
\b@piv=\count331
\b@niv=\count332
\n@piv=\count333
\a@siv=\count334
\o@siv=\count335
\a@civ=\toks43
\o@civ=\toks44
\m@tiv=\toks45
\k@iv=\skip90
\i@nv=\dimen323
\b@xv=\dimen324
\b@zv=\dimen325
\c@xv=\dimen326
\c@zv=\skip91
\d@xv=\dimen327
\d@zv=\skip92
\e@xv=\dimen328
\e@zv=\skip93
\b@pv=\count336
\b@nv=\count337
\n@pv=\count338
\a@sv=\count339
\o@sv=\count340
\a@cv=\toks46
\o@cv=\toks47
\m@tv=\toks48
\k@ivi=\skip94
\i@nvi=\dimen329
\b@xvi=\dimen330
\b@zvi=\dimen331
\c@xvi=\dimen332
\c@zvi=\skip95
\d@xvi=\dimen333
\d@zvi=\skip96
\e@xvi=\dimen334
\e@zvi=\skip97
\b@pvi=\count341
\b@nvi=\count342
\n@pvi=\count343
\a@svi=\count344
\o@svi=\count345
\a@cvi=\toks49
\o@cvi=\toks50
\m@tvi=\toks51
maxinstruments=6
\f@xi=\dimen335
\f@zi=\skip98
\f@xii=\dimen336
\f@zii=\skip99
\f@xiii=\dimen337
\f@ziii=\skip100
\f@xiv=\dimen338
\f@ziv=\skip101
\f@xv=\dimen339
\f@zv=\skip102
\f@xvi=\dimen340
\f@zvi=\skip103
 max128beams=6
\g@bi=\skip104
\g@hi=\skip105
\g@bii=\skip106
\g@hii=\skip107
\g@biii=\skip108
\g@hiii=\skip109
 maxgroups=3
\s@xi=\dimen341
\s@si=\toks52
\s@Yi=\dimen342
\s@ai=\skip110
\s@yi=\count346
\s@Ni=\count347
\s@zi=\count348
\s@di=\toks53
\s@xii=\dimen343
\s@sii=\toks54
\s@Yii=\dimen344
\s@aii=\skip111
\s@yii=\count349
\s@Nii=\count350
\s@zii=\count351
\s@dii=\toks55
\s@xiii=\dimen345
\s@siii=\toks56
\s@Yiii=\dimen346
\s@aiii=\skip112
\s@yiii=\count352
\s@Niii=\count353
\s@ziii=\count354
\s@diii=\toks57
\s@xiv=\dimen347
\s@siv=\toks58
\s@Yiv=\dimen348
\s@aiv=\skip113
\s@yiv=\count355
\s@Niv=\count356
\s@ziv=\count357
\s@div=\toks59
\s@xv=\dimen349
\s@sv=\toks60
\s@Yv=\dimen350
\s@av=\skip114
\s@yv=\count358
\s@Nv=\count359
\s@zv=\count360
\s@dv=\toks61
\s@xvi=\dimen351
\s@svi=\toks62
\s@Yvi=\dimen352
\s@avi=\skip115
\s@yvi=\count361
\s@Nvi=\count362
\s@zvi=\count363
\s@dvi=\toks63
 maxslurs=6
\tr@xi=\skip116
\tr@swi=\toks64
\tr@yi=\skip117
\tr@xii=\skip118
\tr@swii=\toks65
\tr@yii=\skip119
\tr@xiii=\skip120
\tr@swiii=\toks66
\tr@yiii=\skip121
\tr@xiv=\skip122
\tr@swiv=\toks67
\tr@yiv=\skip123
\tr@xv=\skip124
\tr@swv=\toks68
\tr@yv=\skip125
\tr@xvi=\skip126
\tr@swvi=\toks69
\tr@yvi=\skip127
 maxtrills=6
\o@xi=\skip128
\o@yi=\skip129
\o@swi=\toks70
\o@xii=\skip130
\o@yii=\skip131
\o@swii=\toks71
\o@xiii=\skip132
\o@yiii=\skip133
\o@swiii=\toks72
\o@xiv=\skip134
\o@yiv=\skip135
\o@swiv=\toks73
\o@xv=\skip136
\o@yv=\skip137
\o@swv=\toks74
\o@xvi=\skip138
\o@yvi=\skip139
\o@swvi=\toks75

maxoctlines=6
\outmux=\write4
\mulooseness=\count364
\linegoal=\count365
\l@eftrightbox=\box68
\stringraise=\count366
\stringnum=\count367
\nslashes=\count368
\tiny@hgt=\count369
\inmux=\read3
) (/usr/share/texmf-dist/tex/latex/musixtex/musixltx.tex
MusiXLaTeX T.125 <8 April 2017>
)) (/usr/share/texmf-dist/tex/latex/harmony/harmony.sty
Package: harmony 2007/05/04

(/usr/share/texmf-dist/tex/latex/amsfonts/amssymb.sty
Package: amssymb 2013/01/14 v3.01 AMS font symbols

(/usr/share/texmf-dist/tex/latex/amsfonts/amsfonts.sty
Package: amsfonts 2013/01/14 v3.01 Basic AMSFonts support
\@emptytoks=\toks76
\symAMSa=\mathgroup4
\symAMSb=\mathgroup5
LaTeX Font Info:    Redeclaring math symbol \hbar on input line 98.
LaTeX Font Info:    Overwriting math alphabet `\mathfrak' in version `bold'
(Font)                  U/euf/m/n --> U/euf/b/n on input line 106.
))
\tmpdima=\dimen353
\tmpdimb=\dimen354
\tmpdimc=\dimen355
\tmpdimd=\dimen356
\tmpdime=\dimen357
\nbxa=\box69
\nbxb=\box70
\nbxc=\box71
\nbxd=\box72
\nbxe=\box73
\nbxf=\box74
\nbxg=\box75
\nbxh=\box76
\nbxi=\box77
)
(/usr/share/texmf-dist/tex/generic/intcalc/intcalc.sty
Package: intcalc 2019/12/15 v1.3 Expandable calculations with integers (HO)
)
\c@tabstrings=\count370
\c@tabbars=\count371
\c@tabcstring=\count372
\c@tabcbar=\count373
\c@tabcn=\count374
\c@tabcdn=\count375
\c@flag=\count376
)
(/usr/share/texmf-dist/tex/latex/l3backend/l3backend-pdftex.def
File: l3backend-pdftex.def 2022-02-07 L3 backend support: PDF output (pdfTeX)
\l__color_backend_stack_int=\count377
\l__pdf_internal_box=\box78
)
(./hotelcalifornia.aux)
\openout1 = `hotelcalifornia.aux'.

LaTeX Font Info:    Checking defaults for OML/cmm/m/it on input line 6.
LaTeX Font Info:    ... okay on input line 6.
LaTeX Font Info:    Checking defaults for OMS/cmsy/m/n on input line 6.
LaTeX Font Info:    ... okay on input line 6.
LaTeX Font Info:    Checking defaults for OT1/cmr/m/n on input line 6.
LaTeX Font Info:    ... okay on input line 6.
LaTeX Font Info:    Checking defaults for T1/cmr/m/n on input line 6.
LaTeX Font Info:    ... okay on input line 6.
LaTeX Font Info:    Checking defaults for TS1/cmr/m/n on input line 6.
LaTeX Font Info:    ... okay on input line 6.
LaTeX Font Info:    Checking defaults for OMX/cmex/m/n on input line 6.
LaTeX Font Info:    ... okay on input line 6.
LaTeX Font Info:    Checking defaults for U/cmr/m/n on input line 6.
LaTeX Font Info:    ... okay on input line 6.

*geometry* driver: auto-detecting
*geometry* detected driver: pdftex
*geometry* verbose mode - [ preamble ] result:
* driver: pdftex
* paper: <default>
* layout: <same size as paper>
* layoutoffset:(h,v)=(0.0pt,0.0pt)
* modes: 
* h-part:(L,W,R)=(56.9055pt, 483.69687pt, 56.9055pt)
* v-part:(T,H,B)=(42.67912pt, 759.6886pt, 42.67912pt)
* \paperwidth=597.50787pt
* \paperheight=845.04684pt
* \textwidth=483.69687pt
* \textheight=759.6886pt
* \oddsidemargin=-15.36449pt
* \evensidemargin=-15.36449pt
* \topmargin=-66.59087pt
* \headheight=12.0pt
* \headsep=25.0pt
* \topskip=10.0pt
* \footskip=0.0pt
* \marginparwidth=57.0pt
* \marginparsep=11.0pt
* \columnsep=10.0pt
* \skip\footins=9.0pt plus 4.0pt minus 2.0pt
* \hoffset=0.0pt
* \voffset=0.0pt
* \mag=1000
* \@twocolumnfalse
* \@twosidefalse
* \@mparswitchfalse
* \@reversemarginfalse
* (1in=72.27pt=25.4mm, 1cm=28.453pt)

(/usr/share/texmf-dist/tex/context/base/mkii/supp-pdf.mkii
[Loading MPS to PDF converter (version 2006.09.02).]
\scratchcounter=\count378
\scratchdimen=\dimen358
\scratchbox=\box79
\nofMPsegments=\count379
\nofMParguments=\count380
\everyMPshowfont=\toks77
\MPscratchCnt=\count381
\MPscratchDim=\dimen359
\MPnumerator=\count382
\makeMPintoPDFobject=\count383
\everyMPtoPDFconversion=\toks78
) (/usr/share/texmf-dist/tex/latex/epstopdf-pkg/epstopdf-base.sty
Package: epstopdf-base 2020-01-24 v2.11 Base part for package epstopdf
Package epstopdf-base Info: Redefining graphics rule for `.eps' on input line 4
85.

(/usr/share/texmf-dist/tex/latex/latexconfig/epstopdf-sys.cfg
File: epstopdf-sys.cfg 2010/07/13 v1.3 Configuration of (r)epstopdf for TeX Liv
e
))
\openout4 = `hotelcalifornia.mx1'.



LaTeX Font Warning: Font shape `OT1/cmr/m/n' in size <28.45274> not available
(Font)              size <24.88> substituted on input line 9.


LaTeX Font Warning: Font shape `OT1/cmr/bx/n' in size <28.45274> not available
(Font)              size <24.88> substituted on input line 9.

Missing character: There is no 4 in font nullfont!
Missing character: There is no 4 in font nullfont!
Missing character: There is no 4 in font nullfont!
Missing character: There is no 4 in font nullfont!
Missing character: There is no 4 in font nullfont!
Missing character: There is no 4 in font nullfont!
Missing character: There is no 4 in font nullfont!
Missing character: There is no 8 in font nullfont!
Missing character: There is no 8 in font nullfont!
Missing character: There is no 8 in font nullfont!
Missing character: There is no 8 in font nullfont!
Missing character: There is no 8 in font nullfont!
Missing character: There is no 1 in font nullfont!
Missing character: There is no 6 in font nullfont!
Missing character: There is no 1 in font nullfont!
Missing character: There is no 6 in font nullfont!
Missing character: There is no 8 in font nullfont!
Missing character: There is no 8 in font nullfont!
Missing character: There is no 8 in font nullfont!
Missing character: There is no 8 in font nullfont!
Missing character: There is no 1 in font nullfont!
Missing character: There is no 6 in font nullfont!
Missing character: There is no 1 in font nullfont!
Missing character: There is no 6 in font nullfont!
Missing character: There is no 1 in font nullfont!
Missing character: There is no 6 in font nullfont!
Missing character: There is no 1 in font nullfont!
Missing character: There is no 6 in font nullfont!
[1

{/var/lib/texmf/fonts/map/pdftex/updmap/pdftex.map}] (./hotelcalifornia.aux)

LaTeX Font Warning: Size substitutions with differences
(Font)              up to 3.57274pt have occurred.

 ) 
Here is how much of TeX's memory you used:
 15509 strings out of 478276
 286808 string characters out of 5853013
 567006 words of memory out of 5000000
 33405 multiletter control sequences out of 15000+600000
 539369 words of font info for 175 fonts, out of 8000000 for 9000
 1141 hyphenation exceptions out of 8191
 115i,6n,118p,416b,719s stack positions out of 5000i,500n,10000p,200000b,80000s
</usr/share/texmf-dist/fonts/type1/public/amsfonts/cm/cmbx10.pfb></usr/share/
texmf-dist/fonts/type1/public/amsfonts/cm/cmbx12.pfb></usr/share/texmf-dist/fon
ts/type1/public/amsfonts/cm/cmr10.pfb></usr/share/texmf-dist/fonts/type1/public
/amsfonts/cm/cmr6.pfb>
Output written on hotelcalifornia.pdf (1 page, 45529 bytes).
PDF statistics:
 31 PDF objects out of 1000 (max. 8388607)
 19 compressed objects within 1 object stream
 0 named destinations out of 1000 (max. 500000)
 13 words of extra memory for PDF output out of 10000 (max. 10000000)

